# JRE version: OpenJDK Runtime Environment (11.0.10) (build 11.0.10+0-b96-7249189)
# Java VM: OpenJDK 64-Bit Server VM (11.0.10+0-b96-7249189, mixed mode, tiered, compressed oops, g1 gc, windows-amd64)
Heap:
 garbage-first heap   total 129024K, used 103512K [0x0000000080000000, 0x0000000100000000)
  region size 1024K, 10 young (10240K), 2 survivors (2048K)
 Metaspace       used 91853K, capacity 94372K, committed 94592K, reserved 1130496K
  class space    used 11711K, capacity 12646K, committed 12672K, reserved 1048576K
GC Heap History (20 events):
Event: 28.625 GC heap before
{Heap before GC invocations=31 (full 0):
 garbage-first heap   total 129024K, used 107647K [0x0000000080000000, 0x0000000100000000)
  region size 1024K, 23 young (23552K), 3 survivors (3072K)
 Metaspace       used 79159K, capacity 81261K, committed 81536K, reserved 1120256K
  class space    used 10152K, capacity 10848K, committed 10880K, reserved 1048576K
}
Event: 28.632 GC heap after
{Heap after GC invocations=32 (full 0):
 garbage-first heap   total 129024K, used 88820K [0x0000000080000000, 0x0000000100000000)
  region size 1024K, 2 young (2048K), 2 survivors (2048K)
 Metaspace       used 79159K, capacity 81261K, committed 81536K, reserved 1120256K
  class space    used 10152K, capacity 10848K, committed 10880K, reserved 1048576K
}
Event: 28.905 GC heap before
{Heap before GC invocations=33 (full 0):
 garbage-first heap   total 129024K, used 101108K [0x0000000080000000, 0x0000000100000000)
  region size 1024K, 16 young (16384K), 2 survivors (2048K)
 Metaspace       used 81187K, capacity 83207K, committed 83328K, reserved 1122304K
  class space    used 10387K, capacity 11070K, committed 11136K, reserved 1048576K
}
Event: 28.912 GC heap after
{Heap after GC invocations=34 (full 0):
 garbage-first heap   total 129024K, used 89903K [0x0000000080000000, 0x0000000100000000)
  region size 1024K, 2 young (2048K), 2 survivors (2048K)
 Metaspace       used 81187K, capacity 83207K, committed 83328K, reserved 1122304K
  class space    used 10387K, capacity 11070K, committed 11136K, reserved 1048576K
}
Event: 29.309 GC heap before
{Heap before GC invocations=35 (full 0):
 garbage-first heap   total 129024K, used 108335K [0x0000000080000000, 0x0000000100000000)
  region size 1024K, 19 young (19456K), 2 survivors (2048K)
 Metaspace       used 83906K, capacity 85942K, committed 86144K, reserved 1124352K
  class space    used 10682K, capacity 11363K, committed 11392K, reserved 1048576K
}
Event: 29.312 GC heap after
{Heap after GC invocations=36 (full 0):
 garbage-first heap   total 129024K, used 89680K [0x0000000080000000, 0x0000000100000000)
  region size 1024K, 1 young (1024K), 1 survivors (1024K)
 Metaspace       used 83906K, capacity 85942K, committed 86144K, reserved 1124352K
  class space    used 10682K, capacity 11363K, committed 11392K, reserved 1048576K
}
Event: 30.025 GC heap before
{Heap before GC invocations=36 (full 0):
 garbage-first heap   total 129024K, used 109136K [0x0000000080000000, 0x0000000100000000)
  region size 1024K, 20 young (20480K), 1 survivors (1024K)
 Metaspace       used 86781K, capacity 88868K, committed 89088K, reserved 1126400K
  class space    used 11065K, capacity 11752K, committed 11776K, reserved 1048576K
}
Event: 30.031 GC heap after
{Heap after GC invocations=37 (full 0):
 garbage-first heap   total 129024K, used 90803K [0x0000000080000000, 0x0000000100000000)
  region size 1024K, 2 young (2048K), 2 survivors (2048K)
 Metaspace       used 86781K, capacity 88868K, committed 89088K, reserved 1126400K
  class space    used 11065K, capacity 11752K, committed 11776K, reserved 1048576K
}
Event: 30.459 GC heap before
{Heap before GC invocations=38 (full 0):
 garbage-first heap   total 129024K, used 109235K [0x0000000080000000, 0x0000000100000000)
  region size 1024K, 20 young (20480K), 2 survivors (2048K)
 Metaspace       used 88685K, capacity 90819K, committed 91008K, reserved 1128448K
  class space    used 11283K, capacity 12033K, committed 12160K, reserved 1048576K
}
Event: 30.463 GC heap after
{Heap after GC invocations=39 (full 0):
 garbage-first heap   total 129024K, used 91858K [0x0000000080000000, 0x0000000100000000)
  region size 1024K, 3 young (3072K), 3 survivors (3072K)
 Metaspace       used 88685K, capacity 90819K, committed 91008K, reserved 1128448K
  class space    used 11283K, capacity 12033K, committed 12160K, reserved 1048576K
}
Event: 31.186 GC heap before
{Heap before GC invocations=39 (full 0):
 garbage-first heap   total 129024K, used 109266K [0x0000000080000000, 0x0000000100000000)
  region size 1024K, 20 young (20480K), 3 survivors (3072K)
 Metaspace       used 89711K, capacity 91902K, committed 92160K, reserved 1128448K
  class space    used 11391K, capacity 12174K, committed 12288K, reserved 1048576K
}
Event: 31.193 GC heap after
{Heap after GC invocations=40 (full 0):
 garbage-first heap   total 129024K, used 93350K [0x0000000080000000, 0x0000000100000000)
  region size 1024K, 3 young (3072K), 3 survivors (3072K)
 Metaspace       used 89711K, capacity 91902K, committed 92160K, reserved 1128448K
  class space    used 11391K, capacity 12174K, committed 12288K, reserved 1048576K
}
Event: 33.430 GC heap before
{Heap before GC invocations=41 (full 0):
 garbage-first heap   total 129024K, used 109734K [0x0000000080000000, 0x0000000100000000)
  region size 1024K, 19 young (19456K), 3 survivors (3072K)
 Metaspace       used 90750K, capacity 93121K, committed 93440K, reserved 1130496K
  class space    used 11586K, capacity 12450K, committed 12544K, reserved 1048576K
}
Event: 33.436 GC heap after
{Heap after GC invocations=42 (full 0):
 garbage-first heap   total 129024K, used 94253K [0x0000000080000000, 0x0000000100000000)
  region size 1024K, 3 young (3072K), 3 survivors (3072K)
 Metaspace       used 90750K, capacity 93121K, committed 93440K, reserved 1130496K
  class space    used 11586K, capacity 12450K, committed 12544K, reserved 1048576K
}
Event: 33.581 GC heap before
{Heap before GC invocations=42 (full 0):
 garbage-first heap   total 129024K, used 109613K [0x0000000080000000, 0x0000000100000000)
  region size 1024K, 19 young (19456K), 3 survivors (3072K)
 Metaspace       used 91081K, capacity 93552K, committed 93824K, reserved 1130496K
  class space    used 11645K, capacity 12556K, committed 12672K, reserved 1048576K
}
Event: 33.586 GC heap after
{Heap after GC invocations=43 (full 0):
 garbage-first heap   total 129024K, used 95702K [0x0000000080000000, 0x0000000100000000)
  region size 1024K, 3 young (3072K), 3 survivors (3072K)
 Metaspace       used 91081K, capacity 93552K, committed 93824K, reserved 1130496K
  class space    used 11645K, capacity 12556K, committed 12672K, reserved 1048576K
}
Event: 33.927 GC heap before
{Heap before GC invocations=44 (full 0):
 garbage-first heap   total 129024K, used 110038K [0x0000000080000000, 0x0000000100000000)
  region size 1024K, 18 young (18432K), 3 survivors (3072K)
 Metaspace       used 91253K, capacity 93741K, committed 93824K, reserved 1130496K
  class space    used 11648K, capacity 12591K, committed 12672K, reserved 1048576K
}
Event: 33.931 GC heap after
{Heap after GC invocations=45 (full 0):
 garbage-first heap   total 129024K, used 96584K [0x0000000080000000, 0x0000000100000000)
  region size 1024K, 3 young (3072K), 3 survivors (3072K)
 Metaspace       used 91253K, capacity 93741K, committed 93824K, reserved 1130496K
  class space    used 11648K, capacity 12591K, committed 12672K, reserved 1048576K
}
Event: 34.055 GC heap before
{Heap before GC invocations=45 (full 0):
 garbage-first heap   total 129024K, used 109896K [0x0000000080000000, 0x0000000100000000)
  region size 1024K, 17 young (17408K), 3 survivors (3072K)
 Metaspace       used 91467K, capacity 93898K, committed 94080K, reserved 1130496K
  class space    used 11664K, capacity 12595K, committed 12672K, reserved 1048576K
}
Event: 34.058 GC heap after
{Heap after GC invocations=46 (full 0):
 garbage-first heap   total 129024K, used 97368K [0x0000000080000000, 0x0000000100000000)
  region size 1024K, 2 young (2048K), 2 survivors (2048K)
 Metaspace       used 91467K, capacity 93898K, committed 94080K, reserved 1130496K
  class space    used 11664K, capacity 12595K, committed 12672K, reserved 1048576K
}

