# JRE version: OpenJDK Runtime Environment (11.0.10) (build 11.0.10+0-b96-7249189)
# Java VM: OpenJDK 64-Bit Server VM (11.0.10+0-b96-7249189, mixed mode, tiered, compressed oops, g1 gc, windows-amd64)
Heap:
 garbage-first heap   total 155648K, used 113782K [0x0000000080000000, 0x0000000100000000)
  region size 1024K, 89 young (91136K), 11 survivors (11264K)
 Metaspace       used 50681K, capacity 52008K, committed 52300K, reserved 1095680K
  class space    used 6476K, capacity 6946K, committed 6988K, reserved 1048576K
GC Heap History (17 events):
Event: 1.972 GC heap before
{Heap before GC invocations=0 (full 0):
 garbage-first heap   total 129024K, used 29696K [0x0000000080000000, 0x0000000100000000)
  region size 1024K, 24 young (24576K), 0 survivors (0K)
 Metaspace       used 10183K, capacity 10363K, committed 10624K, reserved 1058816K
  class space    used 1065K, capacity 1141K, committed 1152K, reserved 1048576K
}
Event: 1.994 GC heap after
{Heap after GC invocations=1 (full 0):
 garbage-first heap   total 129024K, used 9288K [0x0000000080000000, 0x0000000100000000)
  region size 1024K, 3 young (3072K), 3 survivors (3072K)
 Metaspace       used 10183K, capacity 10363K, committed 10624K, reserved 1058816K
  class space    used 1065K, capacity 1141K, committed 1152K, reserved 1048576K
}
Event: 2.503 GC heap before
{Heap before GC invocations=1 (full 0):
 garbage-first heap   total 129024K, used 20552K [0x0000000080000000, 0x0000000100000000)
  region size 1024K, 14 young (14336K), 3 survivors (3072K)
 Metaspace       used 11044K, capacity 11252K, committed 11520K, reserved 1058816K
  class space    used 1166K, capacity 1245K, committed 1280K, reserved 1048576K
}
Event: 2.507 GC heap after
{Heap after GC invocations=2 (full 0):
 garbage-first heap   total 129024K, used 10062K [0x0000000080000000, 0x0000000100000000)
  region size 1024K, 1 young (1024K), 1 survivors (1024K)
 Metaspace       used 11044K, capacity 11252K, committed 11520K, reserved 1058816K
  class space    used 1166K, capacity 1245K, committed 1280K, reserved 1048576K
}
Event: 3.338 GC heap before
{Heap before GC invocations=2 (full 0):
 garbage-first heap   total 129024K, used 47950K [0x0000000080000000, 0x0000000100000000)
  region size 1024K, 38 young (38912K), 1 survivors (1024K)
 Metaspace       used 11581K, capacity 11820K, committed 11904K, reserved 1060864K
  class space    used 1268K, capacity 1349K, committed 1408K, reserved 1048576K
}
Event: 3.343 GC heap after
{Heap after GC invocations=3 (full 0):
 garbage-first heap   total 129024K, used 14774K [0x0000000080000000, 0x0000000100000000)
  region size 1024K, 5 young (5120K), 5 survivors (5120K)
 Metaspace       used 11581K, capacity 11820K, committed 11904K, reserved 1060864K
  class space    used 1268K, capacity 1349K, committed 1408K, reserved 1048576K
}
Event: 6.677 GC heap before
{Heap before GC invocations=3 (full 0):
 garbage-first heap   total 129024K, used 61878K [0x0000000080000000, 0x0000000100000000)
  region size 1024K, 52 young (53248K), 5 survivors (5120K)
 Metaspace       used 20651K, capacity 21124K, committed 21248K, reserved 1067008K
  class space    used 2526K, capacity 2722K, committed 2816K, reserved 1048576K
}
Event: 6.702 GC heap after
{Heap after GC invocations=4 (full 0):
 garbage-first heap   total 129024K, used 17323K [0x0000000080000000, 0x0000000100000000)
  region size 1024K, 3 young (3072K), 3 survivors (3072K)
 Metaspace       used 20651K, capacity 21124K, committed 21248K, reserved 1067008K
  class space    used 2526K, capacity 2722K, committed 2816K, reserved 1048576K
}
Event: 7.966 GC heap before
{Heap before GC invocations=5 (full 0):
 garbage-first heap   total 129024K, used 72619K [0x0000000080000000, 0x0000000100000000)
  region size 1024K, 57 young (58368K), 3 survivors (3072K)
 Metaspace       used 26026K, capacity 26683K, committed 26752K, reserved 1073152K
  class space    used 3408K, capacity 3665K, committed 3712K, reserved 1048576K
}
Event: 7.973 GC heap after
{Heap after GC invocations=6 (full 0):
 garbage-first heap   total 129024K, used 19231K [0x0000000080000000, 0x0000000100000000)
  region size 1024K, 5 young (5120K), 5 survivors (5120K)
 Metaspace       used 26026K, capacity 26683K, committed 26752K, reserved 1073152K
  class space    used 3408K, capacity 3665K, committed 3712K, reserved 1048576K
}
Event: 10.087 GC heap before
{Heap before GC invocations=6 (full 0):
 garbage-first heap   total 129024K, used 74527K [0x0000000080000000, 0x0000000100000000)
  region size 1024K, 60 young (61440K), 5 survivors (5120K)
 Metaspace       used 35043K, capacity 35830K, committed 35840K, reserved 1081344K
  class space    used 4540K, capacity 4864K, committed 4864K, reserved 1048576K
}
Event: 10.119 GC heap after
{Heap after GC invocations=7 (full 0):
 garbage-first heap   total 129024K, used 22783K [0x0000000080000000, 0x0000000100000000)
  region size 1024K, 6 young (6144K), 6 survivors (6144K)
 Metaspace       used 35043K, capacity 35830K, committed 35840K, reserved 1081344K
  class space    used 4540K, capacity 4864K, committed 4864K, reserved 1048576K
}
Event: 11.946 GC heap before
{Heap before GC invocations=8 (full 0):
 garbage-first heap   total 129024K, used 87295K [0x0000000080000000, 0x0000000100000000)
  region size 1024K, 67 young (68608K), 6 survivors (6144K)
 Metaspace       used 39450K, capacity 40364K, committed 40524K, reserved 1085440K
  class space    used 5037K, capacity 5389K, committed 5452K, reserved 1048576K
}
Event: 11.966 GC heap after
{Heap after GC invocations=9 (full 0):
 garbage-first heap   total 129024K, used 27757K [0x0000000080000000, 0x0000000100000000)
  region size 1024K, 9 young (9216K), 9 survivors (9216K)
 Metaspace       used 39450K, capacity 40364K, committed 40524K, reserved 1085440K
  class space    used 5037K, capacity 5389K, committed 5452K, reserved 1048576K
}
Event: 13.849 GC heap before
{Heap before GC invocations=9 (full 0):
 garbage-first heap   total 129024K, used 90221K [0x0000000080000000, 0x0000000100000000)
  region size 1024K, 70 young (71680K), 9 survivors (9216K)
 Metaspace       used 44962K, capacity 46097K, committed 46156K, reserved 1089536K
  class space    used 5780K, capacity 6188K, committed 6220K, reserved 1048576K
}
Event: 13.862 GC heap after
{Heap after GC invocations=10 (full 0):
 garbage-first heap   total 155648K, used 29814K [0x0000000080000000, 0x0000000100000000)
  region size 1024K, 3 young (3072K), 3 survivors (3072K)
 Metaspace       used 44962K, capacity 46097K, committed 46156K, reserved 1089536K
  class space    used 5780K, capacity 6188K, committed 6220K, reserved 1048576K
}
Event: 16.358 GC heap before
{Heap before GC invocations=10 (full 0):
 garbage-first heap   total 155648K, used 112758K [0x0000000080000000, 0x0000000100000000)
  region size 1024K, 81 young (82944K), 3 survivors (3072K)
 Metaspace       used 50681K, capacity 52008K, committed 52300K, reserved 1095680K
  class space    used 6476K, capacity 6946K, committed 6988K, reserved 1048576K
}

